<?xml version="1.0" encoding="UTF-8"?>
<!-- Generated by org.testng.reporters.JUnitReportReporter -->
<testsuite skipped="0" hostname="LAPTOP-U1422VR9" name="org.optional1.Optionalannotation" tests="1" failures="0" timestamp="11 Aug 2023 14:52:50 GMT" time="0.008" errors="0">
  <testcase name="test1" time="0.008" classname="org.optional1.Optionalannotation"/>
</testsuite> <!-- org.optional1.Optionalannotation -->
