<?xml version="1.0" encoding="UTF-8"?>
<!-- Generated by org.testng.reporters.JUnitReportReporter -->
<testsuite skipped="0" hostname="LAPTOP-U1422VR9" name="com.parameter.Parameterization" tests="1" failures="0" timestamp="11 Aug 2023 14:45:32 GMT" time="4.897" errors="0">
  <testcase name="test1" time="4.897" classname="com.parameter.Parameterization"/>
</testsuite> <!-- com.parameter.Parameterization -->
