<?xml version="1.0" encoding="UTF-8"?>
<!-- Generated by org.testng.reporters.JUnitReportReporter -->
<testsuite skipped="0" hostname="LAPTOP-U1422VR9" name="com.test.SkipTest" tests="4" failures="0" timestamp="11 Aug 2023 12:51:05 GMT" time="0.013" errors="0">
  <testcase name="test6" time="0.000" classname="com.test.SkipTest"/>
  <testcase name="test5" time="0.001" classname="com.test.SkipTest"/>
  <testcase name="test2" time="0.001" classname="com.test.SkipTest"/>
  <testcase name="test1" time="0.011" classname="com.test.SkipTest"/>
</testsuite> <!-- com.test.SkipTest -->
