<?xml version="1.0" encoding="UTF-8"?>
<!-- Generated by org.testng.reporters.JUnitReportReporter -->
<testsuite skipped="0" hostname="LAPTOP-U1422VR9" name="com.test.ParellelMethod" tests="6" failures="0" timestamp="13 Aug 2023 03:56:32 GMT" time="29.180" errors="0">
  <testcase name="test3" time="13.342" classname="com.test.ParellelMethod"/>
  <testcase name="test5" time="0.001" classname="com.test.ParellelMethod"/>
  <testcase name="test1" time="10.179" classname="com.test.ParellelMethod"/>
  <testcase name="test2" time="5.654" classname="com.test.ParellelMethod"/>
  <testcase name="test4" time="0.003" classname="com.test.ParellelMethod"/>
  <testcase name="test6" time="0.001" classname="com.test.ParellelMethod"/>
</testsuite> <!-- com.test.ParellelMethod -->
