<?xml version="1.0" encoding="UTF-8"?>
<!-- Generated by org.testng.reporters.JUnitReportReporter -->
<testsuite skipped="0" hostname="LAPTOP-U1422VR9" name="com.test.Invocation" tests="11" failures="0" timestamp="11 Aug 2023 12:47:24 GMT" time="0.024" errors="0">
  <testcase name="test4" time="0.001" classname="com.test.Invocation"/>
  <testcase name="test2" time="0.001" classname="com.test.Invocation"/>
  <testcase name="test6" time="0.012" classname="com.test.Invocation"/>
  <testcase name="test1" time="0.001" classname="com.test.Invocation"/>
  <testcase name="test4" time="0.001" classname="com.test.Invocation"/>
  <testcase name="test2" time="0.002" classname="com.test.Invocation"/>
  <testcase name="test5" time="0.001" classname="com.test.Invocation"/>
  <testcase name="test4" time="0.001" classname="com.test.Invocation"/>
  <testcase name="test4" time="0.002" classname="com.test.Invocation"/>
  <testcase name="test4" time="0.001" classname="com.test.Invocation"/>
  <testcase name="test3" time="0.001" classname="com.test.Invocation"/>
</testsuite> <!-- com.test.Invocation -->
