<?xml version="1.0" encoding="UTF-8"?>
<!-- Generated by org.testng.reporters.JUnitReportReporter -->
<testsuite skipped="0" hostname="LAPTOP-U1422VR9" name="com.test.SuiteLevelExecution" tests="6" failures="0" timestamp="11 Aug 2023 13:22:09 GMT" time="0.029" errors="0">
  <testcase name="test5" time="0.003" classname="com.test.SuiteLevelExecution"/>
  <testcase name="test4" time="0.002" classname="com.test.SuiteLevelExecution"/>
  <testcase name="test3" time="0.001" classname="com.test.SuiteLevelExecution"/>
  <testcase name="test6" time="0.002" classname="com.test.SuiteLevelExecution"/>
  <testcase name="test2" time="0.003" classname="com.test.SuiteLevelExecution"/>
  <testcase name="test1" time="0.018" classname="com.test.SuiteLevelExecution"/>
</testsuite> <!-- com.test.SuiteLevelExecution -->
