<?xml version="1.0" encoding="UTF-8"?>
<!-- Generated by org.testng.reporters.JUnitReportReporter -->
<testsuite skipped="0" hostname="LAPTOP-U1422VR9" name="com.test.TestTrail" tests="6" failures="0" timestamp="13 Aug 2023 03:56:32 GMT" time="0.007" errors="0">
  <testcase name="test5" time="0.001" classname="com.test.TestTrail"/>
  <testcase name="test2" time="0.001" classname="com.test.TestTrail"/>
  <testcase name="test1" time="0.001" classname="com.test.TestTrail"/>
  <testcase name="test4" time="0.001" classname="com.test.TestTrail"/>
  <testcase name="test3" time="0.001" classname="com.test.TestTrail"/>
  <testcase name="test6" time="0.002" classname="com.test.TestTrail"/>
</testsuite> <!-- com.test.TestTrail -->
